<?xml version="1.0" encoding="UTF-8"?>
<!-- Generated by org.testng.reporters.JUnitReportReporter -->
<testsuite hostname="qdv06dfg07001" name="com.tests.CreateNewResource" tests="1" failures="0" timestamp="8 Apr 2016 11:37:36 GMT" time="9.516" errors="0">
  <testcase name="testCreateANewResource" time="9.516" classname="com.tests.CreateNewResource"/>
</testsuite> <!-- com.tests.CreateNewResource -->
