<?xml version="1.0" encoding="UTF-8"?>
<!-- Generated by org.testng.reporters.JUnitReportReporter -->
<testsuite hostname="qdv06dfg07001" name="com.tests.loginPage" tests="1" failures="0" timestamp="8 Apr 2016 11:32:12 GMT" time="3.063" errors="0">
  <testcase name="testLoginInAdmin" time="3.063" classname="com.tests.loginPage"/>
</testsuite> <!-- com.tests.loginPage -->
